<?xml version="1.0" encoding="UTF-8"?>
<!-- Generated by org.testng.reporters.JUnitXMLReporter -->
<testsuite ignored="0" hostname="DESKTOP-VUHVFPU" failures="1" tests="3" name="Test2" time="34.135" errors="0" timestamp="2022-09-14T10:10:30 IST">
  <testcase classname="org.altairretro.practice.Tc11" name="main" time="12.328">
    <failure type="java.lang.AssertionError" message="did not expect [I&amp;apos;m Prince Cesarly
From Negros Occidental Binalbagan] but found [I&amp;apos;m Prince Cesarly
From Negros Occidental Binalbagan]">
      <![CDATA[java.lang.AssertionError: did not expect [I'm Prince Cesarly
From Negros Occidental Binalbagan] but found [I'm Prince Cesarly
From Negros Occidental Binalbagan]
at org.tyss.sales_inventory.Generic.WebDriverUtility.toperformVerificationByAssertNotEquals(WebDriverUtility.java:282)
at org.altairretro.practice.Tc11.main(Tc11.java:168)
at java.base/java.util.concurrent.ThreadPoolExecutor.runWorker(ThreadPoolExecutor.java:1136)
at java.base/java.util.concurrent.ThreadPoolExecutor$Worker.run(ThreadPoolExecutor.java:635)
at java.base/java.lang.Thread.run(Thread.java:833)
... Removed 17 stack frames]]>
    </failure>
  </testcase> <!-- main -->
  <testcase classname="org.altairretro.practice.Tc22" name="main" time="14.51"/>
  <testcase classname="org.altairretro.practice.Tc33" name="main" time="7.525"/>
</testsuite> <!-- Test2 -->
